TN:
SF:/Users/joel/Projects/ocl-data/server.js
FN:8,(anonymous_0)
FN:9,(anonymous_1)
FNF:2
FNH:0
FNDA:0,(anonymous_0)
FNDA:0,(anonymous_1)
DA:1,0
DA:2,0
DA:4,0
DA:5,0
DA:7,0
DA:8,0
DA:9,0
LF:7
LH:0
BRF:0
BRH:0
end_of_record
TN:
SF:/Users/joel/Projects/ocl-data/lib/data-model.js
FN:87,(anonymous_0)
FN:91,(anonymous_1)
FN:102,(anonymous_2)
FN:108,(anonymous_3)
FN:111,(anonymous_4)
FN:118,(anonymous_5)
FN:120,(anonymous_6)
FN:125,(anonymous_7)
FN:131,(anonymous_8)
FN:136,(anonymous_9)
FN:137,(anonymous_10)
FN:146,(anonymous_11)
FN:148,(anonymous_12)
FN:157,(anonymous_13)
FN:160,(anonymous_14)
FN:169,(anonymous_15)
FN:180,(anonymous_16)
FN:184,(anonymous_17)
FN:203,exportRoster
FN:205,(anonymous_19)
FN:214,(anonymous_20)
FN:220,(anonymous_21)
FN:235,eventForExport
FN:244,makePairingsEightPersonBracket
FN:253,(anonymous_24)
FN:257,(anonymous_25)
FN:258,(anonymous_26)
FN:271,(anonymous_27)
FN:272,(anonymous_28)
FN:285,(anonymous_29)
FN:286,(anonymous_30)
FN:300,(anonymous_31)
FN:313,parseEventName
FN:363,updatePairings
FN:372,allCardsNoBasics
FN:382,(anonymous_35)
FNF:36
FNH:2
FNDA:0,(anonymous_0)
FNDA:0,(anonymous_1)
FNDA:1,(anonymous_2)
FNDA:0,(anonymous_3)
FNDA:0,(anonymous_4)
FNDA:0,(anonymous_5)
FNDA:0,(anonymous_6)
FNDA:0,(anonymous_7)
FNDA:0,(anonymous_8)
FNDA:0,(anonymous_9)
FNDA:0,(anonymous_10)
FNDA:0,(anonymous_11)
FNDA:0,(anonymous_12)
FNDA:0,(anonymous_13)
FNDA:0,(anonymous_14)
FNDA:0,(anonymous_15)
FNDA:0,(anonymous_16)
FNDA:0,(anonymous_17)
FNDA:0,exportRoster
FNDA:0,(anonymous_19)
FNDA:0,(anonymous_20)
FNDA:0,(anonymous_21)
FNDA:0,eventForExport
FNDA:0,makePairingsEightPersonBracket
FNDA:0,(anonymous_24)
FNDA:0,(anonymous_25)
FNDA:0,(anonymous_26)
FNDA:0,(anonymous_27)
FNDA:0,(anonymous_28)
FNDA:0,(anonymous_29)
FNDA:0,(anonymous_30)
FNDA:0,(anonymous_31)
FNDA:1,parseEventName
FNDA:0,updatePairings
FNDA:0,allCardsNoBasics
FNDA:0,(anonymous_35)
DA:1,1
DA:2,1
DA:3,1
DA:5,1
DA:29,1
DA:34,1
DA:44,1
DA:53,1
DA:58,1
DA:64,1
DA:78,1
DA:87,1
DA:88,0
DA:89,0
DA:91,0
DA:92,0
DA:93,0
DA:94,0
DA:98,0
DA:99,0
DA:102,1
DA:103,1
DA:104,1
DA:107,1
DA:108,1
DA:109,0
DA:110,0
DA:111,0
DA:112,0
DA:114,0
DA:115,0
DA:118,1
DA:119,0
DA:120,0
DA:121,0
DA:122,0
DA:125,0
DA:126,0
DA:131,1
DA:132,0
DA:133,0
DA:135,1
DA:136,1
DA:137,0
DA:138,0
DA:140,0
DA:141,0
DA:143,0
DA:144,0
DA:146,1
DA:147,0
DA:148,0
DA:150,0
DA:151,0
DA:152,0
DA:153,0
DA:154,0
DA:157,1
DA:159,0
DA:160,0
DA:162,0
DA:163,0
DA:164,0
DA:165,0
DA:166,0
DA:169,1
DA:170,0
DA:171,0
DA:174,0
DA:175,0
DA:176,0
DA:179,0
DA:180,0
DA:181,0
DA:184,0
DA:185,0
DA:186,0
DA:189,0
DA:190,0
DA:194,0
DA:197,1
DA:198,1
DA:199,1
DA:201,1
DA:204,0
DA:207,0
DA:208,0
DA:210,0
DA:212,0
DA:215,0
DA:216,0
DA:217,0
DA:220,0
DA:221,0
DA:222,0
DA:223,0
DA:224,0
DA:227,0
DA:236,0
DA:237,0
DA:238,0
DA:245,0
DA:246,0
DA:247,0
DA:248,0
DA:252,0
DA:253,0
DA:254,0
DA:257,0
DA:259,0
DA:260,0
DA:265,0
DA:266,0
DA:267,0
DA:268,0
DA:271,0
DA:273,0
DA:274,0
DA:279,0
DA:280,0
DA:281,0
DA:282,0
DA:285,0
DA:287,0
DA:288,0
DA:293,0
DA:294,0
DA:297,0
DA:298,0
DA:299,0
DA:300,0
DA:301,0
DA:302,0
DA:305,0
DA:306,0
DA:309,0
DA:314,1
DA:315,1
DA:316,1
DA:317,1
DA:318,1
DA:319,0
DA:322,1
DA:323,0
DA:326,1
DA:328,1
DA:357,1
DA:358,1
DA:360,1
DA:364,0
DA:368,0
DA:369,0
DA:373,0
DA:381,0
DA:382,0
DA:383,0
LF:156
LH:39
BRDA:92,0,0,0
BRDA:92,0,1,0
BRDA:119,1,0,0
BRDA:119,1,1,0
BRDA:170,2,0,0
BRDA:170,2,1,0
BRDA:175,3,0,0
BRDA:175,3,1,0
BRDA:185,4,0,0
BRDA:185,4,1,0
BRDA:189,5,0,0
BRDA:189,5,1,0
BRDA:207,6,0,0
BRDA:207,6,1,0
BRDA:215,7,0,0
BRDA:215,7,1,0
BRDA:216,8,0,0
BRDA:216,8,1,0
BRDA:245,9,0,0
BRDA:245,9,1,0
BRDA:247,10,0,0
BRDA:247,10,1,0
BRDA:259,11,0,0
BRDA:259,11,1,0
BRDA:265,12,0,0
BRDA:265,12,1,0
BRDA:273,13,0,0
BRDA:273,13,1,0
BRDA:273,14,0,0
BRDA:273,14,1,0
BRDA:279,15,0,0
BRDA:279,15,1,0
BRDA:287,16,0,0
BRDA:287,16,1,0
BRDA:287,17,0,0
BRDA:287,17,1,0
BRDA:301,18,0,0
BRDA:301,18,1,0
BRDA:305,19,0,0
BRDA:305,19,1,0
BRDA:317,20,0,1
BRDA:317,20,1,0
BRDA:318,21,0,0
BRDA:318,21,1,1
BRDA:322,22,0,0
BRDA:322,22,1,1
BRDA:357,23,0,1
BRDA:357,23,1,0
BRDA:357,24,0,1
BRDA:357,24,1,0
BRDA:358,25,0,1
BRDA:358,25,1,0
BRDA:358,26,0,1
BRDA:358,26,1,0
BRF:54
BRH:7
end_of_record
TN:
SF:/Users/joel/Projects/ocl-data/lib/enums.js
FNF:0
FNH:0
DA:1,1
LF:1
LH:1
BRF:0
BRH:0
end_of_record
TN:
SF:/Users/joel/Projects/ocl-data/lib/gql-schema.js
FN:169,(anonymous_0)
FN:170,(anonymous_1)
FN:171,(anonymous_2)
FN:172,(anonymous_3)
FN:172,(anonymous_4)
FN:173,(anonymous_5)
FN:174,(anonymous_6)
FN:177,(anonymous_7)
FN:178,(anonymous_8)
FN:179,(anonymous_9)
FN:180,(anonymous_10)
FN:181,(anonymous_11)
FN:182,(anonymous_12)
FN:183,(anonymous_13)
FN:184,(anonymous_14)
FN:185,(anonymous_15)
FN:186,(anonymous_16)
FN:187,(anonymous_17)
FN:188,(anonymous_18)
FN:189,(anonymous_19)
FN:190,(anonymous_20)
FN:191,(anonymous_21)
FN:192,(anonymous_22)
FN:194,(anonymous_23)
FN:195,(anonymous_24)
FNF:25
FNH:0
FNDA:0,(anonymous_0)
FNDA:0,(anonymous_1)
FNDA:0,(anonymous_2)
FNDA:0,(anonymous_3)
FNDA:0,(anonymous_4)
FNDA:0,(anonymous_5)
FNDA:0,(anonymous_6)
FNDA:0,(anonymous_7)
FNDA:0,(anonymous_8)
FNDA:0,(anonymous_9)
FNDA:0,(anonymous_10)
FNDA:0,(anonymous_11)
FNDA:0,(anonymous_12)
FNDA:0,(anonymous_13)
FNDA:0,(anonymous_14)
FNDA:0,(anonymous_15)
FNDA:0,(anonymous_16)
FNDA:0,(anonymous_17)
FNDA:0,(anonymous_18)
FNDA:0,(anonymous_19)
FNDA:0,(anonymous_20)
FNDA:0,(anonymous_21)
FNDA:0,(anonymous_22)
FNDA:0,(anonymous_23)
FNDA:0,(anonymous_24)
DA:1,0
DA:3,0
DA:167,0
DA:169,0
DA:170,0
DA:171,0
DA:172,0
DA:173,0
DA:174,0
DA:177,0
DA:178,0
DA:179,0
DA:180,0
DA:181,0
DA:182,0
DA:183,0
DA:184,0
DA:185,0
DA:186,0
DA:187,0
DA:188,0
DA:189,0
DA:190,0
DA:192,0
DA:194,0
DA:195,0
DA:199,0
LF:27
LH:0
BRF:0
BRH:0
end_of_record
